
> jobportalapplication@0.1.0 build
> react-scripts build

Creating an optimized production build...
Compiled with warnings.

[eslint] 
src\components\Logout\index.js
  Line 1:9:  'Link' is defined but never used  no-unused-vars

Search for the keywords to learn more about each warning.
To ignore, add // eslint-disable-next-line to the line before.

File sizes after gzip:

  89.96 kB (-6 B)   build\static\js\main.dcb4af3b.js
  2.84 kB (+355 B)  build\static\css\main.26cacca8.css
  1.77 kB           build\static\js\453.0a8d1764.chunk.js

The project was built assuming it is hosted at /.
You can control this with the homepage field in your package.json.

The build folder is ready to be deployed.
You may serve it with a static server:

  npm install -g serve
  serve -s build

Find out more about deployment here:

  https://cra.link/deployment

